INFO:root:Loading config
INFO:root:Load historical data
INFO:root:Generating daily report
INFO:root:Daily report generated: reports/daily_report_2024-06-27.json
INFO:root:Saved portfolio
INFO:root:Loading config
INFO:root:Loading config
INFO:root:Load historical data
INFO:root:Generating daily report
INFO:root:Daily report generated: reports/daily_report_2024-06-27.json
INFO:root:Saved portfolio
INFO:root:Loading config
INFO:root:Fetching account balance
INFO:root:Account balance: 97.4871243706418 USD
INFO:root:Fetching market data for BTC-USD
INFO:root:Fetching market data for ETH-USD
INFO:root:Fetching market data for SHIB-USD
INFO:root:Fetching market data for DOGE-USD
INFO:root:Starting feature engineering
INFO:root:Starting feature engineering
INFO:root:Fetching market data for BTC-USD
INFO:root:Fetching market data for ETH-USD
INFO:root:Fetching market data for SHIB-USD
INFO:root:Fetching market data for DOGE-USD
INFO:root:Starting feature engineering
INFO:root:Fetching market data for BTC-USD
INFO:root:Fetching market data for ETH-USD
INFO:root:Fetching market data for SHIB-USD
INFO:root:Fetching market data for DOGE-USD
INFO:root:Starting feature engineering
INFO:root:Starting main trading bot
INFO:root:Loading config
INFO:root:Fetching account balance
INFO:root:Account balance: 97.4871243706418 USD
INFO:root:Fetching market data for BTC-USD
INFO:root:Fetching market data for ETH-USD
INFO:root:Fetching market data for SHIB-USD
INFO:root:Fetching market data for DOGE-USD
INFO:root:Starting feature engineering
INFO:root:Maintaining position in BTC. No change to targets.
INFO:root:Maintaining position in ETH. No change to targets.
INFO:root:Maintaining position in SHIB. No change to targets.
INFO:root:Maintaining position in DOGE. No change to targets.
INFO:root:Saving trade logs
INFO:root:Saving positions
INFO:root:Starting main trading bot
INFO:root:Starting main trading bot
INFO:root:Loading config at 2024-06-27 09:44:34.192913
INFO:root:Fetching account balance
INFO:root:Account balance: 97.4871243706418 USD
INFO:root:Fetching market data for BTC-USD
INFO:root:Fetching market data for ETH-USD
INFO:root:Fetching market data for SHIB-USD
INFO:root:Fetching market data for DOGE-USD
INFO:root:Starting feature engineering
INFO:root:Maintaining position in BTC. No change to targets.
INFO:root:Maintaining position in ETH. No change to targets.
INFO:root:Maintaining position in SHIB. No change to targets.
INFO:root:Maintaining position in DOGE. No change to targets.
INFO:root:Saving trade logs
INFO:root:Saving positions
INFO:root:Loading config at 2024-06-28 10:23:49.992171
INFO:root:Load historical data
INFO:root:Generating daily report
INFO:root:Daily report generated: reports/daily_report_2024-06-28.json
INFO:root:Saved portfolio
INFO:root:Loading config at 2024-06-28 10:25:03.694656
INFO:root:Fetching account balance
INFO:root:Account balance: 97.4871243706418 USD
INFO:root:Fetching market data for BTC-USD
INFO:root:Fetching market data for ETH-USD
INFO:root:Fetching market data for SHIB-USD
INFO:root:Fetching market data for DOGE-USD
INFO:root:Starting feature engineering
INFO:root:Starting main trading bot
INFO:root:Loading config at 2024-06-28 10:26:27.731163
INFO:root:Fetching account balance
INFO:root:Account balance: 97.4871243706418 USD
INFO:root:Fetching market data for BTC-USD
INFO:root:Fetching market data for ETH-USD
INFO:root:Fetching market data for SHIB-USD
INFO:root:Fetching market data for DOGE-USD
INFO:root:Starting feature engineering
INFO:root:Maintaining position in BTC. No change to targets.
INFO:root:Maintaining position in ETH. No change to targets.
INFO:root:Maintaining position in SHIB. No change to targets.
INFO:root:Maintaining position in DOGE. No change to targets.
INFO:root:Saving trade logs
INFO:root:Saving positions
INFO:root:Starting main trading bot
INFO:root:Loading config at 2024-06-28 10:32:46.411671
INFO:root:Fetching account balance
INFO:root:Account balance: 97.4871243706418 USD
INFO:root:Fetching market data for BTC-USD
INFO:root:Fetching market data for ETH-USD
INFO:root:Fetching market data for SHIB-USD
INFO:root:Fetching market data for DOGE-USD
INFO:root:Starting feature engineering
INFO:root:Maintaining position in BTC. No change to targets.
INFO:root:Maintaining position in ETH. No change to targets.
INFO:root:Maintaining position in SHIB. No change to targets.
INFO:root:Maintaining position in DOGE. No change to targets.
INFO:root:Saving trade logs
INFO:root:Saving positions
INFO:root:Loading config at 2024-07-01 11:06:54.992553
INFO:root:Loading config at 2024-07-01 11:08:55.238725
INFO:root:Loading config at 2024-07-01 11:10:31.862751
INFO:root:Loading config at 2024-07-01 11:12:11.503726
INFO:root:Load historical data
INFO:root:Generating daily report
INFO:root:Daily report generated: reports/daily_report_2024-07-01.json
INFO:root:Saved portfolio
INFO:root:Loading config at 2024-07-01 11:29:33.047160
INFO:root:Fetching account balance
INFO:root:Account balance: 97.4871243706418 USD
